Traceback (most recent call last):
  File "/usr/bin/pulsemixer", line 2054, in <module>
    main()
    ~~~~^^
  File "/usr/bin/pulsemixer", line 1968, in main
    index = 'sink-{}'.format([s.index for s in sinks if s.name == server_info.default_sink_name][0])
                             ~~~~~~~~~~~~~~~~~~~~~~~~~~~~~~~~~~~~~~~~~~~~~~~~~~~~~~~~~~~~~~~~~~~^^^
IndexError: list index out of range
Traceback (most recent call last):
Traceback (most recent call last):
Traceback (most recent call last):
  File "/usr/bin/pulsemixer", line 2054, in <module>
    main()
    ~~~~^^
Traceback (most recent call last):
  File "/usr/bin/pulsemixer", line 1968, in main
    index = 'sink-{}'.format([s.index for s in sinks if s.name == server_info.default_sink_name][0])
                             ~~~~~~~~~~~~~~~~~~~~~~~~~~~~~~~~~~~~~~~~~~~~~~~~~~~~~~~~~~~~~~~~~~~^^^
IndexError: list index out of range
Traceback (most recent call last):
  File "/usr/bin/pulsemixer", line 2054, in <module>
    main()
    ~~~~^^
  File "/usr/bin/pulsemixer", line 1968, in main
    index = 'sink-{}'.format([s.index for s in sinks if s.name == server_info.default_sink_name][0])
                             ~~~~~~~~~~~~~~~~~~~~~~~~~~~~~~~~~~~~~~~~~~~~~~~~~~~~~~~~~~~~~~~~~~~^^^
IndexError: list index out of range
  File "/usr/bin/pulsemixer", line 2054, in <module>
    main()
    ~~~~^^
  File "/usr/bin/pulsemixer", line 1968, in main
    index = 'sink-{}'.format([s.index for s in sinks if s.name == server_info.default_sink_name][0])
                             ~~~~~~~~~~~~~~~~~~~~~~~~~~~~~~~~~~~~~~~~~~~~~~~~~~~~~~~~~~~~~~~~~~~^^^
IndexError: list index out of range
  File "/usr/bin/pulsemixer", line 2054, in <module>
    main()
    ~~~~^^
  File "/usr/bin/pulsemixer", line 1968, in main
    index = 'sink-{}'.format([s.index for s in sinks if s.name == server_info.default_sink_name][0])
                             ~~~~~~~~~~~~~~~~~~~~~~~~~~~~~~~~~~~~~~~~~~~~~~~~~~~~~~~~~~~~~~~~~~~^^^
  File "/usr/bin/pulsemixer", line 2054, in <module>
    main()
    ~~~~^^
IndexError: list index out of range
  File "/usr/bin/pulsemixer", line 1968, in main
    index = 'sink-{}'.format([s.index for s in sinks if s.name == server_info.default_sink_name][0])
                             ~~~~~~~~~~~~~~~~~~~~~~~~~~~~~~~~~~~~~~~~~~~~~~~~~~~~~~~~~~~~~~~~~~~^^^
IndexError: list index out of range
