[INFO] Logger successfully created: /home/echo/.config/hypr/hyprclock.log, logger:89
[INFO] Creating application..., logger:89
[INFO] Running the application..., logger:89
[INFO] Application activated..., logger:89
[INFO] Building the main UI..., logger:89
[INFO] Building UI..., logger:89
[INFO] Creating application window..., logger:89
[INFO] Window built successfully., logger:89
[INFO] Updated clock label to: 14:53:54, logger:89
[INFO] Updated clock label to: 14:53:55, logger:89
[INFO] Updated clock label to: 14:53:56, logger:89
[INFO] Updated clock label to: 14:53:57, logger:89
[INFO] Updated clock label to: 14:53:58, logger:89
[INFO] Updated clock label to: 14:53:59, logger:89
[INFO] Updated clock label to: 14:54:00, logger:89
[INFO] Updated clock label to: 14:54:01, logger:89
[INFO] Updated clock label to: 14:54:02, logger:89
[INFO] Updated clock label to: 14:54:03, logger:89
[INFO] Updated clock label to: 14:54:04, logger:89
[INFO] Updated clock label to: 14:54:05, logger:89
[INFO] Updated clock label to: 14:54:06, logger:89
[INFO] Updated clock label to: 14:54:07, logger:89
[INFO] Updated clock label to: 14:54:08, logger:89
[INFO] Updated clock label to: 14:54:09, logger:89
[INFO] Updated clock label to: 14:54:10, logger:89
[INFO] Updated clock label to: 14:54:11, logger:89
[INFO] Updated clock label to: 14:54:12, logger:89
[INFO] Updated clock label to: 14:54:13, logger:89
[INFO] Updated clock label to: 14:54:14, logger:89
[INFO] Updated clock label to: 14:54:15, logger:89
[INFO] Updated clock label to: 14:54:16, logger:89
[INFO] Updated clock label to: 14:54:17, logger:89
[INFO] Updated clock label to: 14:54:18, logger:89
[INFO] Updated clock label to: 14:54:19, logger:89
[INFO] Updated clock label to: 14:54:20, logger:89
[INFO] Updated clock label to: 14:54:21, logger:89
[INFO] Updated clock label to: 14:54:22, logger:89
[INFO] Updated clock label to: 14:54:23, logger:89
[INFO] Updated clock label to: 14:54:24, logger:89
[INFO] Updated clock label to: 14:54:25, logger:89
[INFO] Updated clock label to: 14:54:26, logger:89
[INFO] Updated clock label to: 14:54:27, logger:89
[INFO] Updated clock label to: 14:54:28, logger:89
[INFO] Updated clock label to: 14:54:29, logger:89
[INFO] Updated clock label to: 14:54:30, logger:89
[INFO] Updated clock label to: 14:54:31, logger:89
[INFO] Updated clock label to: 14:54:32, logger:89
[INFO] Updated clock label to: 14:54:33, logger:89
[INFO] Updated clock label to: 14:54:34, logger:89
[INFO] Updated clock label to: 14:54:35, logger:89
[INFO] Updated clock label to: 14:54:36, logger:89
[INFO] Updated clock label to: 14:54:37, logger:89
[INFO] Updated clock label to: 14:54:38, logger:89
[INFO] Updated clock label to: 14:54:39, logger:89
[INFO] Updated clock label to: 14:54:40, logger:89
[INFO] Updated clock label to: 14:54:41, logger:89
[INFO] Updated clock label to: 14:54:42, logger:89
[INFO] Updated clock label to: 14:54:43, logger:89
[INFO] Updated clock label to: 14:54:44, logger:89
[INFO] Updated clock label to: 14:54:45, logger:89
[INFO] Updated clock label to: 14:54:46, logger:89
